2023-11-16T20:30:57.338Z [test] info: MQ Client Connected For: 127.0.0.1
2023-11-16T20:30:57.392Z [test] info: Mongo Client Connected For DB: protocolserver-v2-response-cache
2023-11-16T20:30:57.398Z [test] info: Redis Client Connected For DB: 11
2023-11-16T20:30:57.402Z [test] info: Lookup Cache Initialized...
2023-11-16T20:30:57.404Z [test] info: Redis Client Connected For DB: 12
2023-11-16T20:30:57.406Z [test] info: Request Cache Initialized...
2023-11-16T20:30:59.235Z [test] info: Protocol Server started on PORT : 5003
2023-11-16T20:30:59.236Z [test] info: Protocol Server Started Successfully
2023-11-16T20:30:59.237Z [test] info: Mode: BPP
2023-11-16T20:30:59.237Z [test] info: Gateway Type: CLIENT
2023-11-16T21:22:01.185Z [test] info: MQ Client Connected For: 127.0.0.1
2023-11-16T21:22:01.228Z [test] info: Mongo Client Connected For DB: ps
2023-11-16T21:22:01.233Z [test] info: Redis Client Connected For DB: 11
2023-11-16T21:22:01.235Z [test] info: Lookup Cache Initialized...
2023-11-16T21:22:01.235Z [test] info: Redis Client Connected For DB: 12
2023-11-16T21:22:01.236Z [test] info: Request Cache Initialized...
2023-11-16T21:22:03.124Z [test] info: Protocol Server started on PORT : 5003
2023-11-16T21:22:03.125Z [test] info: Protocol Server Started Successfully
2023-11-16T21:22:03.125Z [test] info: Mode: BPP
2023-11-16T21:22:03.125Z [test] info: Gateway Type: CLIENT
