2023-11-17T04:30:24.571Z [test] info: Mongo Client Connected For DB: ps
2023-11-17T04:30:24.678Z [test] info: MQ Client Connected For: 127.0.0.1
2023-11-17T04:30:24.716Z [test] info: Mongo Client Connected For DB: ps
2023-11-17T04:30:24.722Z [test] info: Redis Client Connected For DB: 11
2023-11-17T04:30:24.724Z [test] info: Lookup Cache Initialized...
2023-11-17T04:30:24.726Z [test] info: Redis Client Connected For DB: 12
2023-11-17T04:30:24.727Z [test] info: Request Cache Initialized...
2023-11-17T04:30:26.729Z [test] info: Protocol Server started on PORT : 5003
2023-11-17T04:30:26.731Z [test] info: Protocol Server Started Successfully
2023-11-17T04:30:26.731Z [test] info: Mode: BAP
2023-11-17T04:30:26.732Z [test] info: Gateway Type: CLIENT
2023-11-17T04:30:55.730Z [test] info: BAP Context:
 {"ttl":"PT10M","action":"search","timestamp":"2023-11-17T04:30:55.727Z","message_id":"4a4f3da6-c1f6-43c1-a8fd-ca9d05c1c64a","transaction_id":"bdb5ba09-2241-4f00-b434-73466cd06228","domain":"onest:work-opportunities","version":"1.1.0","bap_id":"jenin.onest:work-opportunities.BAP","bap_uri":"https://jenin8282.loca.lt","location":{"country":{"name":"India","code":"IND"},"city":{"name":"Bangalore","code":"std:080"}}}


2023-11-17T04:30:55.738Z [test] info: Signing String:==>
(created): 1700195395
(expires): 1700198995
digest: BLAKE-512=Kvdw5leb5fYjIJw5B3+YXs3a5ebi+TEiHBduYAeQt4QOd4qZiuD5zR+k9vjXXyNKPCZf7Yc4/OQyV3dTkaswTw==


2023-11-17T04:30:55.741Z [test] info: Axios Config for Request:
{"headers":{"authorization":"Signature keyId=\"jenin.onest:work-opportunities.BAP|jenin-bpp|ed25519\",algorithm=\"ed25519\",created=\"1700195395\",expires=\"1700198995\",headers=\"(created) (expires) digest\",signature=\"YmVEOhyd+1HZeD6Co21lbebQzgA6fQ1YDkWhe67dv5Z2n0fMtz5Ug9SgIZ8lQo5QK+DJpS186/B3ZkTyXzACCA==\""},"timeout":3000}


2023-11-17T04:30:55.759Z [test] info: returning response from cache
2023-11-17T04:30:55.759Z [test] info: cachedResponse: [{"subscriber_id":"jenin.onest:work-opportunities.BAP","subscriber_url":"https://jenin8282.loca.lt","type":"BAP","signing_public_key":"uMY8jKgMwUyx3GCvPOhatU4IfmO+Jte2MsYWFXad7M4=","valid_until":"2024-10-09T19:14:00.000Z"}]
2023-11-17T04:30:58.032Z [test] info: sending message to outbox queue 


2023-11-17T04:30:58.033Z [test] info: Request from client:
 {"context":{"ttl":"PT10M","action":"search","timestamp":"2023-11-17T04:30:55.727Z","message_id":"4a4f3da6-c1f6-43c1-a8fd-ca9d05c1c64a","transaction_id":"bdb5ba09-2241-4f00-b434-73466cd06228","domain":"onest:work-opportunities","version":"1.1.0","bap_id":"jenin.onest:work-opportunities.BAP","bap_uri":"https://jenin8282.loca.lt","location":{"country":{"name":"India","code":"IND"},"city":{"name":"Bangalore","code":"std:080"}}},"message":{"intent":{"item":{"tags":[{"descriptor":{"name":"skills"},"list":[{"value":"Agile"},{"value":"Figma"}],"display":true}]}}}}

2023-11-17T04:37:02.345Z [test] info: Mongo Client Connected For DB: ps
2023-11-17T04:37:02.417Z [test] info: MQ Client Connected For: 127.0.0.1
2023-11-17T04:37:02.708Z [test] info: Mongo Client Connected For DB: ps
2023-11-17T04:37:02.712Z [test] info: Redis Client Connected For DB: 11
2023-11-17T04:37:02.712Z [test] info: Lookup Cache Initialized...
2023-11-17T04:37:02.713Z [test] info: Redis Client Connected For DB: 12
2023-11-17T04:37:02.714Z [test] info: Request Cache Initialized...
2023-11-17T04:37:05.100Z [test] info: Protocol Server started on PORT : 5003
2023-11-17T04:37:05.102Z [test] info: Protocol Server Started Successfully
2023-11-17T04:37:05.103Z [test] info: Mode: BAP
2023-11-17T04:37:05.104Z [test] info: Gateway Type: CLIENT
2023-11-17T04:37:08.028Z [test] info: BAP Context:
 {"ttl":"PT10M","action":"search","timestamp":"2023-11-17T04:37:08.028Z","message_id":"a50b91bb-2f2c-4a8e-b0ef-acc24ba7a17c","transaction_id":"bdb5ba09-2241-4f00-b434-73466cd06228","domain":"onest:work-opportunities","version":"1.1.0","bap_id":"jenin.onest:work-opportunities.BAP","bap_uri":"https://jenin8282.loca.lt","location":{"country":{"name":"India","code":"IND"},"city":{"name":"Bangalore","code":"std:080"}}}


2023-11-17T04:37:08.031Z [test] info: Signing String:==>
(created): 1700195768
(expires): 1700199368
digest: BLAKE-512=nb5hC1YWbHrOMK/S9imUQLUYjf5TeHOiVVaHQix2n/mjMzGaegOVwRY9/QAUbx3B65TFZsfLQg5ZaLkPFfNZcw==


2023-11-17T04:37:08.033Z [test] info: Axios Config for Request:
{"headers":{"authorization":"Signature keyId=\"jenin.onest:work-opportunities.BAP|jenin-bpp|ed25519\",algorithm=\"ed25519\",created=\"1700195768\",expires=\"1700199368\",headers=\"(created) (expires) digest\",signature=\"z1biZrDItjfz6zrCpfCoASCMR3cZchWJaBoavrqTOpF6CTWb/UDW+Xn9unQLFlrez39Ap72aDUw/TF/FmVEJAQ==\""},"timeout":3000}


2023-11-17T04:37:08.043Z [test] info: returning response from cache
2023-11-17T04:37:08.044Z [test] info: cachedResponse: [{"subscriber_id":"jenin.onest:work-opportunities.BAP","subscriber_url":"https://jenin8282.loca.lt","type":"BAP","signing_public_key":"uMY8jKgMwUyx3GCvPOhatU4IfmO+Jte2MsYWFXad7M4=","valid_until":"2024-10-09T19:14:00.000Z"}]
2023-11-17T04:37:10.327Z [test] info: sending message to outbox queue 


2023-11-17T04:37:10.328Z [test] info: Request from client:
 {"context":{"ttl":"PT10M","action":"search","timestamp":"2023-11-17T04:37:08.028Z","message_id":"a50b91bb-2f2c-4a8e-b0ef-acc24ba7a17c","transaction_id":"bdb5ba09-2241-4f00-b434-73466cd06228","domain":"onest:work-opportunities","version":"1.1.0","bap_id":"jenin.onest:work-opportunities.BAP","bap_uri":"https://jenin8282.loca.lt","location":{"country":{"name":"India","code":"IND"},"city":{"name":"Bangalore","code":"std:080"}}},"message":{"intent":{"item":{"tags":[{"descriptor":{"name":"skills"},"list":[{"value":"Agile"},{"value":"Figma"}],"display":true}]}}}}

2023-11-17T04:40:05.306Z [test] info: Mongo Client Connected For DB: ps
2023-11-17T04:40:05.405Z [test] info: MQ Client Connected For: 127.0.0.1
2023-11-17T04:40:05.455Z [test] info: Mongo Client Connected For DB: ps
2023-11-17T04:40:05.458Z [test] info: Redis Client Connected For DB: 11
2023-11-17T04:40:05.459Z [test] info: Lookup Cache Initialized...
2023-11-17T04:40:05.460Z [test] info: Redis Client Connected For DB: 12
2023-11-17T04:40:05.460Z [test] info: Request Cache Initialized...
2023-11-17T04:40:07.529Z [test] info: Protocol Server started on PORT : 5003
2023-11-17T04:40:07.530Z [test] info: Protocol Server Started Successfully
2023-11-17T04:40:07.530Z [test] info: Mode: BAP
2023-11-17T04:40:07.530Z [test] info: Gateway Type: CLIENT
2023-11-17T04:40:11.977Z [test] info: BAP Context:
 {"ttl":"PT10M","action":"search","timestamp":"2023-11-17T04:40:11.976Z","message_id":"73317992-a82c-47ff-87ce-174badf65226","transaction_id":"bdb5ba09-2241-4f00-b434-73466cd06228","domain":"onest:work-opportunities","version":"1.1.0","bap_id":"jenin.onest:work-opportunities.BAP","bap_uri":"https://jenin8282.loca.lt","location":{"country":{"name":"India","code":"IND"},"city":{"name":"Bangalore","code":"std:080"}}}


2023-11-17T04:40:11.980Z [test] info: Signing String:==>
(created): 1700195951
(expires): 1700199551
digest: BLAKE-512=QkAEKdhm7FI2JwOHrxM4/Spjf7m3RvXLiZnpv2MYdnwX5y9C9a9ClBPCMV1nKegTLTDfzkhaEPrn2iLBuB+VuQ==


2023-11-17T04:40:11.983Z [test] info: Axios Config for Request:
{"headers":{"authorization":"Signature keyId=\"jenin.onest:work-opportunities.BAP|jenin-bpp|ed25519\",algorithm=\"ed25519\",created=\"1700195951\",expires=\"1700199551\",headers=\"(created) (expires) digest\",signature=\"QQZ/9aS5zS/mrfNe8lXbeZaxLNS5uU4gOfV6cZcS+fAHzUaWSi6c2h/iHh2AQyQ1nQGU22anKC492QAeINk0Cw==\""},"timeout":3000}


2023-11-17T04:40:11.991Z [test] info: returning response from cache
2023-11-17T04:40:11.991Z [test] info: cachedResponse: [{"subscriber_id":"jenin.onest:work-opportunities.BAP","subscriber_url":"https://jenin8282.loca.lt","type":"BAP","signing_public_key":"uMY8jKgMwUyx3GCvPOhatU4IfmO+Jte2MsYWFXad7M4=","valid_until":"2024-10-09T19:14:00.000Z"}]
2023-11-17T04:40:14.031Z [test] info: sending message to outbox queue 


2023-11-17T04:40:14.032Z [test] info: Request from client:
 {"context":{"ttl":"PT10M","action":"search","timestamp":"2023-11-17T04:40:11.976Z","message_id":"73317992-a82c-47ff-87ce-174badf65226","transaction_id":"bdb5ba09-2241-4f00-b434-73466cd06228","domain":"onest:work-opportunities","version":"1.1.0","bap_id":"jenin.onest:work-opportunities.BAP","bap_uri":"https://jenin8282.loca.lt","location":{"country":{"name":"India","code":"IND"},"city":{"name":"Bangalore","code":"std:080"}}},"message":{"intent":{"item":{"tags":[{"descriptor":{"name":"skills"},"list":[{"value":"Agile"},{"value":"Figma"}],"display":true}]}}}}

2023-11-17T04:47:43.859Z [test] info: BAP Context:
 {"ttl":"PT10M","action":"search","timestamp":"2023-11-17T04:47:43.751Z","message_id":"8e8ae8bc-41aa-4b0d-b423-9ed3ac13d071","transaction_id":"bdb5ba09-2241-4f00-b434-73466cd06228","domain":"onest:work-opportunities","version":"1.1.0","bap_id":"jenin.onest:work-opportunities.BAP","bap_uri":"https://jenin8282.loca.lt","location":{"country":{"name":"India","code":"IND"},"city":{"name":"Bangalore","code":"std:080"}}}


2023-11-17T04:47:45.118Z [test] info: Signing String:==>
(created): 1700196404
(expires): 1700200004
digest: BLAKE-512=Cp0OYXxv67BNjMzD9QP8R8UkEkAozTu7ZgY8yPFqzyW0gBGAeXklcoVIo9TNNFcXKTOoHvwuu6f/3LXRignNxw==


2023-11-17T04:47:45.222Z [test] info: Axios Config for Request:
{"headers":{"authorization":"Signature keyId=\"jenin.onest:work-opportunities.BAP|jenin-bpp|ed25519\",algorithm=\"ed25519\",created=\"1700196404\",expires=\"1700200004\",headers=\"(created) (expires) digest\",signature=\"TdNvXBGxjgJW5mp8a67bpXtbfdI8stZjOBuPVhNtk06Dh6WmNzy87tZaD1ISxXpz8h9q884CiLt6QvAlTCPhCQ==\""},"timeout":3000}


2023-11-17T04:47:46.131Z [test] info: returning response from cache
2023-11-17T04:47:46.131Z [test] info: cachedResponse: [{"subscriber_id":"jenin.onest:work-opportunities.BAP","subscriber_url":"https://jenin8282.loca.lt","type":"BAP","signing_public_key":"uMY8jKgMwUyx3GCvPOhatU4IfmO+Jte2MsYWFXad7M4=","valid_until":"2024-10-09T19:14:00.000Z"}]
2023-11-17T04:47:49.337Z [test] info: sending message to outbox queue 


2023-11-17T04:47:49.339Z [test] info: Request from client:
 {"context":{"ttl":"PT10M","action":"search","timestamp":"2023-11-17T04:47:43.751Z","message_id":"8e8ae8bc-41aa-4b0d-b423-9ed3ac13d071","transaction_id":"bdb5ba09-2241-4f00-b434-73466cd06228","domain":"onest:work-opportunities","version":"1.1.0","bap_id":"jenin.onest:work-opportunities.BAP","bap_uri":"https://jenin8282.loca.lt","location":{"country":{"name":"India","code":"IND"},"city":{"name":"Bangalore","code":"std:080"}}},"message":{"intent":{"item":{"tags":[{"descriptor":{"name":"skills"},"list":[{"value":"Agile"},{"value":"Figma"}],"display":true}]}}}}

2023-11-17T04:49:14.417Z [test] info: BAP Context:
 {"ttl":"PT10M","action":"search","timestamp":"2023-11-17T04:49:14.414Z","message_id":"1fb072f9-d626-41c9-a7e3-deae48c0e202","transaction_id":"bdb5ba09-2241-4f00-b434-73466cd06228","domain":"onest:work-opportunities","version":"1.1.0","bap_id":"jenin.onest:work-opportunities.BAP","bap_uri":"https://jenin8282.loca.lt","location":{"country":{"name":"India","code":"IND"},"city":{"name":"Bangalore","code":"std:080"}}}


2023-11-17T04:49:14.455Z [test] info: Signing String:==>
(created): 1700196494
(expires): 1700200094
digest: BLAKE-512=fs48lCmlRlr5pJr7J+ysXX6thlCy6ghHykYlZN0JtJHNxp3Sc+Ug/CheVQNVQ3i6stWLdCWd4KMuUrAfFb8RCg==


2023-11-17T04:49:14.462Z [test] info: Axios Config for Request:
{"headers":{"authorization":"Signature keyId=\"jenin.onest:work-opportunities.BAP|jenin-bpp|ed25519\",algorithm=\"ed25519\",created=\"1700196494\",expires=\"1700200094\",headers=\"(created) (expires) digest\",signature=\"hZ3KjSq43om+9jmEFN/GN1JLeXChdKgX8Foksf7XFWvzebOKIQMCicxENQAK4PLkMwFUoJHRP4Sk8j/j5sQPBg==\""},"timeout":3000}


2023-11-17T04:49:14.489Z [test] info: returning response from cache
2023-11-17T04:49:14.489Z [test] info: cachedResponse: [{"subscriber_id":"jenin.onest:work-opportunities.BAP","subscriber_url":"https://jenin8282.loca.lt","type":"BAP","signing_public_key":"uMY8jKgMwUyx3GCvPOhatU4IfmO+Jte2MsYWFXad7M4=","valid_until":"2024-10-09T19:14:00.000Z"}]
2023-11-17T04:49:16.639Z [test] info: sending message to outbox queue 


2023-11-17T04:49:16.640Z [test] info: Request from client:
 {"context":{"ttl":"PT10M","action":"search","timestamp":"2023-11-17T04:49:14.414Z","message_id":"1fb072f9-d626-41c9-a7e3-deae48c0e202","transaction_id":"bdb5ba09-2241-4f00-b434-73466cd06228","domain":"onest:work-opportunities","version":"1.1.0","bap_id":"jenin.onest:work-opportunities.BAP","bap_uri":"https://jenin8282.loca.lt","location":{"country":{"name":"India","code":"IND"},"city":{"name":"Bangalore","code":"std:080"}}},"message":{"intent":{"item":{"tags":[{"descriptor":{"name":"skills"},"list":[{"value":"Agile"},{"value":"Figma"}],"display":true}]}}}}

2023-11-17T04:52:03.873Z [test] info: BAP Context:
 {"ttl":"PT10M","action":"search","timestamp":"2023-11-17T04:52:03.868Z","message_id":"80c40f0f-bf96-4ae6-9251-b715543e9490","transaction_id":"bdb5ba09-2241-4f00-b434-73466cd06228","domain":"onest:work-opportunities","version":"1.1.0","bap_id":"jenin.onest:work-opportunities.BAP","bap_uri":"https://jenin8282.loca.lt","location":{"country":{"name":"India","code":"IND"},"city":{"name":"Bangalore","code":"std:080"}}}


2023-11-17T04:52:03.889Z [test] info: Signing String:==>
(created): 1700196663
(expires): 1700200263
digest: BLAKE-512=WHxgl1YoXUWgIdXiuxc9nweWNb7iZxte/rsHK+OgbVgHCJ47wX7Kv/r10CRNfhINE8nJPT4yoql6u2P+uVEQ5w==


2023-11-17T04:52:03.892Z [test] info: Axios Config for Request:
{"headers":{"authorization":"Signature keyId=\"jenin.onest:work-opportunities.BAP|jenin-bpp|ed25519\",algorithm=\"ed25519\",created=\"1700196663\",expires=\"1700200263\",headers=\"(created) (expires) digest\",signature=\"a07P/taJ6uaV1Id6N6dLFjLBI67lLT+l9VIoeHfCEeexA8oEDYY9lIsfyrgNB2RG0uF8E8FUEY0mZxi2BWMnDw==\""},"timeout":3000}


2023-11-17T04:52:03.910Z [test] info: returning response from cache
2023-11-17T04:52:03.911Z [test] info: cachedResponse: [{"subscriber_id":"jenin.onest:work-opportunities.BAP","subscriber_url":"https://jenin8282.loca.lt","type":"BAP","signing_public_key":"uMY8jKgMwUyx3GCvPOhatU4IfmO+Jte2MsYWFXad7M4=","valid_until":"2024-10-09T19:14:00.000Z"}]
2023-11-17T04:52:07.269Z [test] info: sending message to outbox queue 


2023-11-17T04:52:07.270Z [test] info: Request from client:
 {"context":{"ttl":"PT10M","action":"search","timestamp":"2023-11-17T04:52:03.868Z","message_id":"80c40f0f-bf96-4ae6-9251-b715543e9490","transaction_id":"bdb5ba09-2241-4f00-b434-73466cd06228","domain":"onest:work-opportunities","version":"1.1.0","bap_id":"jenin.onest:work-opportunities.BAP","bap_uri":"https://jenin8282.loca.lt","location":{"country":{"name":"India","code":"IND"},"city":{"name":"Bangalore","code":"std:080"}}},"message":{"intent":{"item":{"tags":[{"descriptor":{"name":"skills"},"list":[{"value":"Agile"},{"value":"Figma"}],"display":true}]}}}}

2023-11-17T04:52:30.573Z [test] info: BAP Context:
 {"ttl":"PT10M","action":"search","timestamp":"2023-11-17T04:52:30.573Z","message_id":"6d4126e7-f450-459f-9d21-dd44754f9ee2","transaction_id":"bdb5ba09-2241-4f00-b434-73466cd06228","domain":"onest:work-opportunities","version":"1.1.0","bap_id":"jenin.onest:work-opportunities.BAP","bap_uri":"https://jenin8282.loca.lt","location":{"country":{"name":"India","code":"IND"},"city":{"name":"Bangalore","code":"std:080"}}}


2023-11-17T04:52:30.576Z [test] info: Signing String:==>
(created): 1700196690
(expires): 1700200290
digest: BLAKE-512=iXQn10D1RkBC6Na9DoZePc7L0yXImm2CE/gazAiguMGLnShiMm7u/EdbU+aA8OWXcVqb6rwldPt6f8z9w6767Q==


2023-11-17T04:52:30.579Z [test] info: Axios Config for Request:
{"headers":{"authorization":"Signature keyId=\"jenin.onest:work-opportunities.BAP|jenin-bpp|ed25519\",algorithm=\"ed25519\",created=\"1700196690\",expires=\"1700200290\",headers=\"(created) (expires) digest\",signature=\"T/9/YqcLQmg/PWexueQqzgV9n9Z0jQmxfib+9Y2bLtuTHQDFELIvtWJM7XdlzXHZ7+agbwS1p7eUR7ihIlsJDA==\""},"timeout":3000}


2023-11-17T04:52:30.591Z [test] info: returning response from cache
2023-11-17T04:52:30.591Z [test] info: cachedResponse: [{"subscriber_id":"jenin.onest:work-opportunities.BAP","subscriber_url":"https://jenin8282.loca.lt","type":"BAP","signing_public_key":"uMY8jKgMwUyx3GCvPOhatU4IfmO+Jte2MsYWFXad7M4=","valid_until":"2024-10-09T19:14:00.000Z"}]
2023-11-17T04:52:32.422Z [test] info: sending message to outbox queue 


2023-11-17T04:52:32.423Z [test] info: Request from client:
 {"context":{"ttl":"PT10M","action":"search","timestamp":"2023-11-17T04:52:30.573Z","message_id":"6d4126e7-f450-459f-9d21-dd44754f9ee2","transaction_id":"bdb5ba09-2241-4f00-b434-73466cd06228","domain":"onest:work-opportunities","version":"1.1.0","bap_id":"jenin.onest:work-opportunities.BAP","bap_uri":"https://jenin8282.loca.lt","location":{"country":{"name":"India","code":"IND"},"city":{"name":"Bangalore","code":"std:080"}}},"message":{"intent":{"item":{"tags":[{"descriptor":{"name":"skills"},"list":[{"value":"Agile"},{"value":"Figma"}],"display":true}]}}}}

2023-11-17T05:01:35.149Z [test] info: BAP Context:
 {"ttl":"PT10M","action":"search","timestamp":"2023-11-17T05:01:35.142Z","message_id":"bfb0c9db-5e1c-4f98-9621-ab156c270f3b","transaction_id":"bdb5ba09-2241-4f00-b434-73466cd06228","domain":"onest:work-opportunities","version":"1.1.0","bap_id":"jenin.onest:work-opportunities.BAP","bap_uri":"https://jenin8282.loca.lt","location":{"country":{"name":"India","code":"IND"},"city":{"name":"Bangalore","code":"std:080"}}}


2023-11-17T05:01:35.184Z [test] info: Signing String:==>
(created): 1700197235
(expires): 1700200835
digest: BLAKE-512=jgrxwTy0/PAjIr+qEL3iUeXwKudkWayCfA3lG2buLf4XGMGFarnyC/WkH8W4I6DN52D+4+X1u8PC/uoibyo3gA==


2023-11-17T05:01:35.191Z [test] info: Axios Config for Request:
{"headers":{"authorization":"Signature keyId=\"jenin.onest:work-opportunities.BAP|jenin-bpp|ed25519\",algorithm=\"ed25519\",created=\"1700197235\",expires=\"1700200835\",headers=\"(created) (expires) digest\",signature=\"DriGIxkbz4Jib3vB3K+KHO6RyxyEliZ1KAwADxYor/m/q/TvjlJIa5WccMdq80Q/C2xdCCmoD9kcTy6YlROYCQ==\""},"timeout":3000}


2023-11-17T05:01:35.223Z [test] info: returning response from cache
2023-11-17T05:01:35.223Z [test] info: cachedResponse: [{"subscriber_id":"jenin.onest:work-opportunities.BAP","subscriber_url":"https://jenin8282.loca.lt","type":"BAP","signing_public_key":"uMY8jKgMwUyx3GCvPOhatU4IfmO+Jte2MsYWFXad7M4=","valid_until":"2024-10-09T19:14:00.000Z"}]
2023-11-17T05:01:38.035Z [test] info: sending message to outbox queue 


2023-11-17T05:01:38.036Z [test] info: Request from client:
 {"context":{"ttl":"PT10M","action":"search","timestamp":"2023-11-17T05:01:35.142Z","message_id":"bfb0c9db-5e1c-4f98-9621-ab156c270f3b","transaction_id":"bdb5ba09-2241-4f00-b434-73466cd06228","domain":"onest:work-opportunities","version":"1.1.0","bap_id":"jenin.onest:work-opportunities.BAP","bap_uri":"https://jenin8282.loca.lt","location":{"country":{"name":"India","code":"IND"},"city":{"name":"Bangalore","code":"std:080"}}},"message":{"intent":{"item":{"tags":[{"descriptor":{"name":"skills"},"list":[{"value":"Agile"},{"value":"Figma"}],"display":true}]}}}}

2023-11-17T05:14:44.622Z [test] info: Mongo Client Connected For DB: ps
2023-11-17T05:14:44.701Z [test] info: MQ Client Connected For: 127.0.0.1
2023-11-17T05:14:44.735Z [test] info: Mongo Client Connected For DB: ps
2023-11-17T05:14:44.736Z [test] info: Redis Client Connected For DB: 11
2023-11-17T05:14:44.737Z [test] info: Lookup Cache Initialized...
2023-11-17T05:14:44.737Z [test] info: Redis Client Connected For DB: 12
2023-11-17T05:14:44.738Z [test] info: Request Cache Initialized...
2023-11-17T05:14:47.470Z [test] info: Protocol Server started on PORT : 5003
2023-11-17T05:14:47.471Z [test] info: Protocol Server Started Successfully
2023-11-17T05:14:47.471Z [test] info: Mode: BAP
2023-11-17T05:14:47.471Z [test] info: Gateway Type: CLIENT
2023-11-17T05:15:05.558Z [test] info: BAP Context:
 {"ttl":"PT10M","action":"search","timestamp":"2023-11-17T05:15:05.557Z","message_id":"6cabe29a-05e6-453e-af86-c5615aa4d8c9","transaction_id":"bdb5ba09-2241-4f00-b434-73466cd06228","domain":"onest:work-opportunities","version":"1.1.0","bap_id":"jenin.onest:work-opportunities.BAP","bap_uri":"https://jenin8282.loca.lt","location":{"country":{"name":"India","code":"IND"},"city":{"name":"Bangalore","code":"std:080"}}}


2023-11-17T05:15:05.560Z [test] info: Signing String:==>
(created): 1700198045
(expires): 1700201645
digest: BLAKE-512=5sd/LZ2DopUuMDGizz5sSVRGJb8Qp+wDCklsSIYXzGOaLho4Q93bMpzWHOFa5Ux+/zN5/y8Zz5C35mi0dMioPw==


2023-11-17T05:15:05.563Z [test] info: Axios Config for Request:
{"headers":{"authorization":"Signature keyId=\"jenin.onest:work-opportunities.BAP|jenin-bpp|ed25519\",algorithm=\"ed25519\",created=\"1700198045\",expires=\"1700201645\",headers=\"(created) (expires) digest\",signature=\"Dc4mx82OI1er6BGchAPlYFPBt/9jOjthGxH7U9IpsqRxJpxZvHm3HygjxxhXkWfLjhWgYidv5gr6JWj1bnVdCw==\""},"timeout":3000}


2023-11-17T05:15:05.569Z [test] info: returning response from cache
2023-11-17T05:15:05.570Z [test] info: cachedResponse: [{"subscriber_id":"jenin.onest:work-opportunities.BAP","subscriber_url":"https://jenin8282.loca.lt","type":"BAP","signing_public_key":"uMY8jKgMwUyx3GCvPOhatU4IfmO+Jte2MsYWFXad7M4=","valid_until":"2024-10-09T19:14:00.000Z"}]
2023-11-17T05:15:07.568Z [test] info: sending message to outbox queue 


2023-11-17T05:15:07.569Z [test] info: Request from client:
 {"context":{"ttl":"PT10M","action":"search","timestamp":"2023-11-17T05:15:05.557Z","message_id":"6cabe29a-05e6-453e-af86-c5615aa4d8c9","transaction_id":"bdb5ba09-2241-4f00-b434-73466cd06228","domain":"onest:work-opportunities","version":"1.1.0","bap_id":"jenin.onest:work-opportunities.BAP","bap_uri":"https://jenin8282.loca.lt","location":{"country":{"name":"India","code":"IND"},"city":{"name":"Bangalore","code":"std:080"}}},"message":{"intent":{"item":{"tags":[{"descriptor":{"name":"skills"},"list":[{"value":"Agile"},{"value":"Figma"}],"display":true}]}}}}

2023-11-17T05:15:31.829Z [test] info: BAP Context:
 {"ttl":"PT10M","action":"search","timestamp":"2023-11-17T05:15:31.828Z","message_id":"57101265-bec5-493c-bbbd-bbd809ec31f2","transaction_id":"bdb5ba09-2241-4f00-b434-73466cd06228","domain":"onest:work-opportunities","version":"1.1.0","bap_id":"jenin.onest:work-opportunities.BAP","bap_uri":"https://jenin8282.loca.lt","location":{"country":{"name":"India","code":"IND"},"city":{"name":"Bangalore","code":"std:080"}}}


2023-11-17T05:15:31.833Z [test] info: Signing String:==>
(created): 1700198071
(expires): 1700201671
digest: BLAKE-512=XR1X8Evwkj+bkoVodxdqgE9xrfOztINxOEoPghPew8vrc6X06qe3271xIgrU2fv4fNi1jxGci3I6vm+vepn2eQ==


2023-11-17T05:15:31.836Z [test] info: Axios Config for Request:
{"headers":{"authorization":"Signature keyId=\"jenin.onest:work-opportunities.BAP|jenin-bpp|ed25519\",algorithm=\"ed25519\",created=\"1700198071\",expires=\"1700201671\",headers=\"(created) (expires) digest\",signature=\"+OaeUdZnb4EkIswPEBhQzQV+OsToEYY23LX4GqMdvW6cw2141CGMKK21S48K+Zznx/3OSfSGO/3sqRubkUz2DA==\""},"timeout":3000}


2023-11-17T05:15:31.840Z [test] info: returning response from cache
2023-11-17T05:15:31.840Z [test] info: cachedResponse: [{"subscriber_id":"jenin.onest:work-opportunities.BAP","subscriber_url":"https://jenin8282.loca.lt","type":"BAP","signing_public_key":"uMY8jKgMwUyx3GCvPOhatU4IfmO+Jte2MsYWFXad7M4=","valid_until":"2024-10-09T19:14:00.000Z"}]
2023-11-17T05:15:33.375Z [test] info: sending message to outbox queue 


2023-11-17T05:15:33.376Z [test] info: Request from client:
 {"context":{"ttl":"PT10M","action":"search","timestamp":"2023-11-17T05:15:31.828Z","message_id":"57101265-bec5-493c-bbbd-bbd809ec31f2","transaction_id":"bdb5ba09-2241-4f00-b434-73466cd06228","domain":"onest:work-opportunities","version":"1.1.0","bap_id":"jenin.onest:work-opportunities.BAP","bap_uri":"https://jenin8282.loca.lt","location":{"country":{"name":"India","code":"IND"},"city":{"name":"Bangalore","code":"std:080"}}},"message":{"intent":{"item":{"tags":[{"descriptor":{"name":"skills"},"list":[{"value":"Agile"},{"value":"Figma"}],"display":true}]}}}}

2023-11-17T05:24:44.894Z [test] info: Mongo Client Connected For DB: ps
2023-11-17T05:24:44.970Z [test] info: MQ Client Connected For: 127.0.0.1
2023-11-17T05:24:45.013Z [test] info: Mongo Client Connected For DB: ps
2023-11-17T05:24:45.017Z [test] info: Redis Client Connected For DB: 11
2023-11-17T05:24:45.019Z [test] info: Lookup Cache Initialized...
2023-11-17T05:24:45.020Z [test] info: Redis Client Connected For DB: 12
2023-11-17T05:24:45.020Z [test] info: Request Cache Initialized...
2023-11-17T05:24:46.901Z [test] info: Protocol Server started on PORT : 5003
2023-11-17T05:24:46.902Z [test] info: Protocol Server Started Successfully
2023-11-17T05:24:46.903Z [test] info: Mode: BAP
2023-11-17T05:24:46.903Z [test] info: Gateway Type: CLIENT
2023-11-17T05:25:23.536Z [test] info: BAP Context:
 {"ttl":"PT10M","action":"search","timestamp":"2023-11-17T05:25:23.536Z","message_id":"4fcbffc9-620a-4b74-a38b-44b3f91952fc","transaction_id":"bdb5ba09-2241-4f00-b434-73466cd06228","domain":"onest:work-opportunities","version":"1.1.0","bap_id":"jenin.onest:work-opportunities.BAP","bap_uri":"https://jenin8282.loca.lt","location":{"country":{"name":"India","code":"IND"},"city":{"name":"Bangalore","code":"std:080"}}}


2023-11-17T05:25:23.540Z [test] info: Signing String:==>
(created): 1700198663
(expires): 1700202263
digest: BLAKE-512=7CeZL/huwAsTDc+fhJzytqbnFeg6aqDVuTao2qGbsnksgOER683hM2tvgQ5nmTTO4h27g6GD1ab8qr9WxROXXA==


2023-11-17T05:25:23.553Z [test] info: Axios Config for Request:
{"headers":{"authorization":"Signature keyId=\"jenin-bpp|jenin-bpp|ed25519\",algorithm=\"ed25519\",created=\"1700198663\",expires=\"1700202263\",headers=\"(created) (expires) digest\",signature=\"Zhdgz3HyFa+THWZ4yLIUPPLf7RqEYQ/MTJLLrp3O7ySrBGiBl6IB2RkJxX0Z034iGg/ewrExme0RhRKii8YUBg==\""},"timeout":3000}


2023-11-17T05:25:23.561Z [test] info: 
Looking Up in registry...!
With URL:https://registry.becknprotocol.io/subscribers/lookup
 Payload:{"subscriber_id":"jenin-bpp","unique_key_id":"jenin-bpp"}
2023-11-17T05:25:23.843Z [test] info: subscribers: []
2023-11-17T05:26:40.892Z [test] info: BAP Context:
 {"ttl":"PT10M","action":"search","timestamp":"2023-11-17T05:26:40.890Z","message_id":"dcc494ad-26b9-4e30-8a55-06f9752ec13f","transaction_id":"bdb5ba09-2241-4f00-b434-73466cd06228","domain":"onest:work-opportunities","version":"1.1.0","bap_id":"jenin.onest:work-opportunities.BAP","bap_uri":"https://jenin8282.loca.lt","location":{"country":{"name":"India","code":"IND"},"city":{"name":"Bangalore","code":"std:080"}}}


2023-11-17T05:26:40.901Z [test] info: Signing String:==>
(created): 1700198740
(expires): 1700202340
digest: BLAKE-512=0/+rBiYHF9vaXdiksYIDEghX+jz4LhiQYcyaYe7wQx4WGwjmpQTKt6jNYaHsOrTfEpZmmEa5h/t5oOF/pkIdXg==


2023-11-17T05:26:40.902Z [test] info: Axios Config for Request:
{"headers":{"authorization":"Signature keyId=\"jenin-bpp|jenin-bpp|ed25519\",algorithm=\"ed25519\",created=\"1700198740\",expires=\"1700202340\",headers=\"(created) (expires) digest\",signature=\"D4o6lVOLMEFt3hpDb5dWkK6KsZl4xQg6eSdp4bKk3y27RFXkbVMvNO4FO+0vw8vM0RMs9X8oJEFWcIfxfNK1Cg==\""},"timeout":3000}


2023-11-17T05:26:40.921Z [test] info: 
Looking Up in registry...!
With URL:https://registry.becknprotocol.io/subscribers/lookup
 Payload:{"subscriber_id":"jenin-bpp","unique_key_id":"jenin-bpp"}
2023-11-17T05:26:41.098Z [test] info: subscribers: []
2023-11-17T05:27:06.981Z [test] info: Mongo Client Connected For DB: ps
2023-11-17T05:27:07.067Z [test] info: MQ Client Connected For: 127.0.0.1
2023-11-17T05:27:07.107Z [test] info: Mongo Client Connected For DB: ps
2023-11-17T05:27:07.109Z [test] info: Redis Client Connected For DB: 11
2023-11-17T05:27:07.110Z [test] info: Lookup Cache Initialized...
2023-11-17T05:27:07.111Z [test] info: Redis Client Connected For DB: 12
2023-11-17T05:27:07.111Z [test] info: Request Cache Initialized...
2023-11-17T05:27:08.890Z [test] info: Protocol Server started on PORT : 5003
2023-11-17T05:27:08.891Z [test] info: Protocol Server Started Successfully
2023-11-17T05:27:08.892Z [test] info: Mode: BAP
2023-11-17T05:27:08.893Z [test] info: Gateway Type: CLIENT
2023-11-17T05:27:24.093Z [test] info: BAP Context:
 {"ttl":"PT10M","action":"search","timestamp":"2023-11-17T05:27:24.092Z","message_id":"2436c725-c07e-4097-9649-e10f8ab2bfd2","transaction_id":"bdb5ba09-2241-4f00-b434-73466cd06228","domain":"onest:work-opportunities","version":"1.1.0","bap_id":"jenin.onest:work-opportunities.BAP","bap_uri":"https://jenin8282.loca.lt","location":{"country":{"name":"India","code":"IND"},"city":{"name":"Bangalore","code":"std:080"}}}


2023-11-17T05:27:24.097Z [test] info: Signing String:==>
(created): 1700198784
(expires): 1700202384
digest: BLAKE-512=FtsCqCd4DdkXNruezPp6qfxLmh3ioHDbIs+oulC9UYEWxHmRm0zefiNzuPNcxMCxSyqOjfhxxKGULru3mEGNHA==


2023-11-17T05:27:24.101Z [test] info: Axios Config for Request:
{"headers":{"authorization":"Signature keyId=\"jenin.onest:work-opportunities.BAP|jenin-bpp|ed25519\",algorithm=\"ed25519\",created=\"1700198784\",expires=\"1700202384\",headers=\"(created) (expires) digest\",signature=\"3qrNqKH3O5KoOz5pc9RHqueAn91lMbBPXeLEdoUWkt0ZJwu3W24fZuA9Byv2v32Z8dA372S8ArefishZRY1EDQ==\""},"timeout":3000}


2023-11-17T05:27:24.118Z [test] info: returning response from cache
2023-11-17T05:27:24.119Z [test] info: cachedResponse: [{"subscriber_id":"jenin.onest:work-opportunities.BAP","subscriber_url":"https://jenin8282.loca.lt","type":"BAP","signing_public_key":"uMY8jKgMwUyx3GCvPOhatU4IfmO+Jte2MsYWFXad7M4=","valid_until":"2024-10-09T19:14:00.000Z"}]
2023-11-17T05:27:26.645Z [test] info: sending message to outbox queue 


2023-11-17T05:27:26.646Z [test] info: Request from client:
 {"context":{"ttl":"PT10M","action":"search","timestamp":"2023-11-17T05:27:24.092Z","message_id":"2436c725-c07e-4097-9649-e10f8ab2bfd2","transaction_id":"bdb5ba09-2241-4f00-b434-73466cd06228","domain":"onest:work-opportunities","version":"1.1.0","bap_id":"jenin.onest:work-opportunities.BAP","bap_uri":"https://jenin8282.loca.lt","location":{"country":{"name":"India","code":"IND"},"city":{"name":"Bangalore","code":"std:080"}}},"message":{"intent":{"item":{"tags":[{"descriptor":{"name":"skills"},"list":[{"value":"Agile"},{"value":"Figma"}],"display":true}]}}}}

2023-11-17T05:29:24.802Z [test] info: BAP Context:
 {"ttl":"PT10M","action":"search","timestamp":"2023-11-17T05:29:24.798Z","message_id":"ffbb7057-2fe3-4302-9217-8595ca6a4ee7","transaction_id":"bdb5ba09-2241-4f00-b434-73466cd06228","domain":"onest:work-opportunities","version":"1.1.0","bap_id":"jenin.onest:work-opportunities.BAP","bap_uri":"https://jenin8282.loca.lt","location":{"country":{"name":"India","code":"IND"},"city":{"name":"Bangalore","code":"std:080"}}}


2023-11-17T05:29:24.818Z [test] info: Signing String:==>
(created): 1700198904
(expires): 1700202504
digest: BLAKE-512=jqezPWZAsHg8DkFLPO52PePbaQHrwpPa8CqivATkDvvSE97ByWn30IMWhoFokITEbZo00qhOV+pseK8mX/WWsw==


2023-11-17T05:29:24.824Z [test] info: Axios Config for Request:
{"headers":{"authorization":"Signature keyId=\"jenin.onest:work-opportunities.BAP|jenin-bpp|ed25519\",algorithm=\"ed25519\",created=\"1700198904\",expires=\"1700202504\",headers=\"(created) (expires) digest\",signature=\"db/kJIpvX5Gw/ewep2wDYT1bTk/fBEHGN4q2UHENNCDUfJhdSz1wSuOCbcqSqpWfFqK1QqS3s3scBeiiBYLaAg==\""},"timeout":3000}


2023-11-17T05:29:24.847Z [test] info: returning response from cache
2023-11-17T05:29:24.847Z [test] info: cachedResponse: [{"subscriber_id":"jenin.onest:work-opportunities.BAP","subscriber_url":"https://jenin8282.loca.lt","type":"BAP","signing_public_key":"uMY8jKgMwUyx3GCvPOhatU4IfmO+Jte2MsYWFXad7M4=","valid_until":"2024-10-09T19:14:00.000Z"}]
2023-11-17T05:29:28.498Z [test] info: sending message to outbox queue 


2023-11-17T05:29:28.500Z [test] info: Request from client:
 {"context":{"ttl":"PT10M","action":"search","timestamp":"2023-11-17T05:29:24.798Z","message_id":"ffbb7057-2fe3-4302-9217-8595ca6a4ee7","transaction_id":"bdb5ba09-2241-4f00-b434-73466cd06228","domain":"onest:work-opportunities","version":"1.1.0","bap_id":"jenin.onest:work-opportunities.BAP","bap_uri":"https://jenin8282.loca.lt","location":{"country":{"name":"India","code":"IND"},"city":{"name":"Bangalore","code":"std:080"}}},"message":{"intent":{"item":{"tags":[{"descriptor":{"name":"skills"},"list":[{"value":"Agile"},{"value":"Figma"}],"display":true}]}}}}

